c:\users\minkyung\documents\visual studio 2015\projects\2season-01\2season-01\debug\vc140.pdb
c:\users\minkyung\documents\visual studio 2015\projects\2season-01\2season-01\debug\vc140.idb
c:\users\minkyung\documents\visual studio 2015\projects\2season-01\2season-01\debug\chararray.obj
c:\users\minkyung\documents\visual studio 2015\projects\2season-01\2season-01\debug\charpointer.obj
c:\users\minkyung\documents\visual studio 2015\projects\2season-01\2season-01\debug\exam01.obj
c:\users\minkyung\documents\visual studio 2015\projects\2season-01\2season-01\debug\exam02.obj
c:\users\minkyung\documents\visual studio 2015\projects\2season-01\2season-01\debug\string.obj
c:\users\minkyung\documents\visual studio 2015\projects\2season-01\2season-01\debug\20160829.obj
c:\users\minkyung\documents\visual studio 2015\projects\2season-01\2season-01\debug\20160829_02.obj
c:\users\minkyung\documents\visual studio 2015\projects\2season-01\2season-01\debug\20160829_03.obj
c:\users\minkyung\documents\visual studio 2015\projects\2season-01\2season-01\debug\20160829_04.obj
c:\users\minkyung\documents\visual studio 2015\projects\2season-01\2season-01\debug\20160829_05.obj
c:\users\minkyung\documents\visual studio 2015\projects\2season-01\2season-01\debug\20160830_01.obj
c:\users\minkyung\documents\visual studio 2015\projects\2season-01\2season-01\debug\game.obj
c:\users\minkyung\documents\visual studio 2015\projects\2season-01\2season-01\debug\3x3.obj
c:\users\minkyung\documents\visual studio 2015\projects\2season-01\2season-01\debug\functionadd.obj
c:\users\minkyung\documents\visual studio 2015\projects\2season-01\2season-01\debug\arrayparam.obj
c:\users\minkyung\documents\visual studio 2015\projects\2season-01\2season-01\debug\srand.obj
c:\users\minkyung\documents\visual studio 2015\projects\2season-01\2season-01\debug\getchar.obj
c:\users\minkyung\documents\visual studio 2015\projects\2season-01\2season-01\debug\getche.obj
c:\users\minkyung\documents\visual studio 2015\projects\2season-01\2season-01\debug\getcha.obj
c:\users\minkyung\documents\visual studio 2015\projects\2season-01\debug\2season-01.ilk
c:\users\minkyung\documents\visual studio 2015\projects\2season-01\debug\2season-01.exe
c:\users\minkyung\documents\visual studio 2015\projects\2season-01\debug\2season-01.pdb
c:\users\minkyung\documents\visual studio 2015\projects\2season-01\2season-01\debug\2season-01.tlog\cl.command.1.tlog
c:\users\minkyung\documents\visual studio 2015\projects\2season-01\2season-01\debug\2season-01.tlog\cl.read.1.tlog
c:\users\minkyung\documents\visual studio 2015\projects\2season-01\2season-01\debug\2season-01.tlog\cl.write.1.tlog
c:\users\minkyung\documents\visual studio 2015\projects\2season-01\2season-01\debug\2season-01.tlog\link.command.1.tlog
c:\users\minkyung\documents\visual studio 2015\projects\2season-01\2season-01\debug\2season-01.tlog\link.read.1.tlog
c:\users\minkyung\documents\visual studio 2015\projects\2season-01\2season-01\debug\2season-01.tlog\link.write.1.tlog
